Pig Stack Trace
---------------
ERROR 1200: Wrong FS: file://home/mohit/Downloads/student, expected: file:///

Failed to parse: Wrong FS: file://home/mohit/Downloads/student, expected: file:///
	at org.apache.pig.parser.QueryParserDriver.parse(QueryParserDriver.java:201)
	at org.apache.pig.PigServer$Graph.validateQuery(PigServer.java:1791)
	at org.apache.pig.PigServer$Graph.registerQuery(PigServer.java:1764)
	at org.apache.pig.PigServer.registerQuery(PigServer.java:707)
	at org.apache.pig.tools.grunt.GruntParser.processPig(GruntParser.java:1075)
	at org.apache.pig.tools.pigscript.parser.PigScriptParser.parse(PigScriptParser.java:505)
	at org.apache.pig.tools.grunt.GruntParser.parseStopOnError(GruntParser.java:231)
	at org.apache.pig.tools.grunt.GruntParser.parseStopOnError(GruntParser.java:206)
	at org.apache.pig.tools.grunt.Grunt.run(Grunt.java:66)
	at org.apache.pig.Main.run(Main.java:564)
	at org.apache.pig.Main.main(Main.java:176)
	at sun.reflect.NativeMethodAccessorImpl.invoke0(Native Method)
	at sun.reflect.NativeMethodAccessorImpl.invoke(NativeMethodAccessorImpl.java:62)
	at sun.reflect.DelegatingMethodAccessorImpl.invoke(DelegatingMethodAccessorImpl.java:43)
	at java.lang.reflect.Method.invoke(Method.java:498)
	at org.apache.hadoop.util.RunJar.run(RunJar.java:221)
	at org.apache.hadoop.util.RunJar.main(RunJar.java:136)
Caused by: java.lang.IllegalArgumentException: Wrong FS: file://home/mohit/Downloads/student, expected: file:///
	at org.apache.hadoop.fs.FileSystem.checkPath(FileSystem.java:645)
	at org.apache.hadoop.fs.RawLocalFileSystem.pathToFile(RawLocalFileSystem.java:80)
	at org.apache.hadoop.fs.RawLocalFileSystem.deprecatedGetFileStatus(RawLocalFileSystem.java:534)
	at org.apache.hadoop.fs.RawLocalFileSystem.getFileLinkStatusInternal(RawLocalFileSystem.java:752)
	at org.apache.hadoop.fs.RawLocalFileSystem.getFileStatus(RawLocalFileSystem.java:529)
	at org.apache.hadoop.fs.FilterFileSystem.getFileStatus(FilterFileSystem.java:409)
	at org.apache.hadoop.fs.FileSystem.exists(FileSystem.java:1400)
	at org.apache.pig.backend.hadoop.datastorage.HDataStorage.isContainer(HDataStorage.java:200)
	at org.apache.pig.backend.hadoop.datastorage.HDataStorage.asElement(HDataStorage.java:128)
	at org.apache.pig.backend.hadoop.datastorage.HDataStorage.asElement(HDataStorage.java:144)
	at org.apache.pig.impl.io.FileLocalizer.fullPath(FileLocalizer.java:327)
	at org.apache.pig.builtin.JsonMetadata.findMetaFile(JsonMetadata.java:111)
	at org.apache.pig.builtin.JsonMetadata.getSchema(JsonMetadata.java:189)
	at org.apache.pig.builtin.PigStorage.getSchema(PigStorage.java:536)
	at org.apache.pig.newplan.logical.relational.LOLoad.getSchemaFromMetaData(LOLoad.java:175)
	at org.apache.pig.newplan.logical.relational.LOLoad.<init>(LOLoad.java:89)
	at org.apache.pig.parser.LogicalPlanBuilder.buildLoadOp(LogicalPlanBuilder.java:901)
	at org.apache.pig.parser.LogicalPlanGenerator.load_clause(LogicalPlanGenerator.java:3568)
	at org.apache.pig.parser.LogicalPlanGenerator.op_clause(LogicalPlanGenerator.java:1625)
	at org.apache.pig.parser.LogicalPlanGenerator.general_statement(LogicalPlanGenerator.java:1102)
	at org.apache.pig.parser.LogicalPlanGenerator.statement(LogicalPlanGenerator.java:560)
	at org.apache.pig.parser.LogicalPlanGenerator.query(LogicalPlanGenerator.java:421)
	at org.apache.pig.parser.QueryParserDriver.parse(QueryParserDriver.java:191)
	... 16 more
================================================================================
Pig Stack Trace
---------------
ERROR 1003: Unable to find an operator for alias student

org.apache.pig.impl.logicalLayer.FrontendException: ERROR 1003: Unable to find an operator for alias student
	at org.apache.pig.PigServer$Graph.buildPlan(PigServer.java:1628)
	at org.apache.pig.PigServer.storeEx(PigServer.java:1113)
	at org.apache.pig.PigServer.store(PigServer.java:1081)
	at org.apache.pig.PigServer.openIterator(PigServer.java:994)
	at org.apache.pig.tools.grunt.GruntParser.processDump(GruntParser.java:747)
	at org.apache.pig.tools.pigscript.parser.PigScriptParser.parse(PigScriptParser.java:376)
	at org.apache.pig.tools.grunt.GruntParser.parseStopOnError(GruntParser.java:231)
	at org.apache.pig.tools.grunt.GruntParser.parseStopOnError(GruntParser.java:206)
	at org.apache.pig.tools.grunt.Grunt.run(Grunt.java:66)
	at org.apache.pig.Main.run(Main.java:564)
	at org.apache.pig.Main.main(Main.java:176)
	at sun.reflect.NativeMethodAccessorImpl.invoke0(Native Method)
	at sun.reflect.NativeMethodAccessorImpl.invoke(NativeMethodAccessorImpl.java:62)
	at sun.reflect.DelegatingMethodAccessorImpl.invoke(DelegatingMethodAccessorImpl.java:43)
	at java.lang.reflect.Method.invoke(Method.java:498)
	at org.apache.hadoop.util.RunJar.run(RunJar.java:221)
	at org.apache.hadoop.util.RunJar.main(RunJar.java:136)
================================================================================
Pig Stack Trace
---------------
ERROR 1066: Unable to open iterator for alias st. Backend error : java.io.IOException: java.io.IOException: Failed on local exception: com.google.protobuf.InvalidProtocolBufferException: Protocol message end-group tag did not match expected tag.; Host Details : local host is: "localhost/127.0.0.1"; destination host is: "m2":19888; 

org.apache.pig.impl.logicalLayer.FrontendException: ERROR 1066: Unable to open iterator for alias st. Backend error : java.io.IOException: java.io.IOException: Failed on local exception: com.google.protobuf.InvalidProtocolBufferException: Protocol message end-group tag did not match expected tag.; Host Details : local host is: "localhost/127.0.0.1"; destination host is: "m2":19888; 
	at org.apache.pig.PigServer.openIterator(PigServer.java:1009)
	at org.apache.pig.tools.grunt.GruntParser.processDump(GruntParser.java:747)
	at org.apache.pig.tools.pigscript.parser.PigScriptParser.parse(PigScriptParser.java:376)
	at org.apache.pig.tools.grunt.GruntParser.parseStopOnError(GruntParser.java:231)
	at org.apache.pig.tools.grunt.GruntParser.parseStopOnError(GruntParser.java:206)
	at org.apache.pig.tools.grunt.Grunt.run(Grunt.java:66)
	at org.apache.pig.Main.run(Main.java:564)
	at org.apache.pig.Main.main(Main.java:176)
	at sun.reflect.NativeMethodAccessorImpl.invoke0(Native Method)
	at sun.reflect.NativeMethodAccessorImpl.invoke(NativeMethodAccessorImpl.java:62)
	at sun.reflect.DelegatingMethodAccessorImpl.invoke(DelegatingMethodAccessorImpl.java:43)
	at java.lang.reflect.Method.invoke(Method.java:498)
	at org.apache.hadoop.util.RunJar.run(RunJar.java:221)
	at org.apache.hadoop.util.RunJar.main(RunJar.java:136)
Caused by: org.apache.pig.backend.executionengine.ExecException: ERROR 0: java.io.IOException: java.io.IOException: Failed on local exception: com.google.protobuf.InvalidProtocolBufferException: Protocol message end-group tag did not match expected tag.; Host Details : local host is: "localhost/127.0.0.1"; destination host is: "m2":19888; 
	at org.apache.pig.backend.hadoop.executionengine.mapReduceLayer.MapReduceLauncher.getStats(MapReduceLauncher.java:819)
	at org.apache.pig.backend.hadoop.executionengine.mapReduceLayer.MapReduceLauncher.launchPig(MapReduceLauncher.java:452)
	at org.apache.pig.backend.hadoop.executionengine.HExecutionEngine.launchPig(HExecutionEngine.java:308)
	at org.apache.pig.PigServer.launchPlan(PigServer.java:1474)
	at org.apache.pig.PigServer.executeCompiledLogicalPlan(PigServer.java:1459)
	at org.apache.pig.PigServer.storeEx(PigServer.java:1118)
	at org.apache.pig.PigServer.store(PigServer.java:1081)
	at org.apache.pig.PigServer.openIterator(PigServer.java:994)
	... 13 more
Caused by: java.io.IOException: java.io.IOException: Failed on local exception: com.google.protobuf.InvalidProtocolBufferException: Protocol message end-group tag did not match expected tag.; Host Details : local host is: "localhost/127.0.0.1"; destination host is: "m2":19888; 
	at org.apache.hadoop.mapred.ClientServiceDelegate.invoke(ClientServiceDelegate.java:338)
	at org.apache.hadoop.mapred.ClientServiceDelegate.getJobStatus(ClientServiceDelegate.java:423)
	at org.apache.hadoop.mapred.YARNRunner.getJobStatus(YARNRunner.java:576)
	at org.apache.hadoop.mapreduce.Cluster.getJob(Cluster.java:183)
	at org.apache.pig.backend.hadoop.executionengine.shims.HadoopShims.getTaskReports(HadoopShims.java:231)
	at org.apache.pig.backend.hadoop.executionengine.mapReduceLayer.MapReduceLauncher.getStats(MapReduceLauncher.java:801)
	... 20 more
Caused by: java.io.IOException: Failed on local exception: com.google.protobuf.InvalidProtocolBufferException: Protocol message end-group tag did not match expected tag.; Host Details : local host is: "localhost/127.0.0.1"; destination host is: "m2":19888; 
	at org.apache.hadoop.net.NetUtils.wrapException(NetUtils.java:772)
	at org.apache.hadoop.ipc.Client.call(Client.java:1474)
	at org.apache.hadoop.ipc.Client.call(Client.java:1401)
	at org.apache.hadoop.ipc.ProtobufRpcEngine$Invoker.invoke(ProtobufRpcEngine.java:232)
	at com.sun.proxy.$Proxy14.getJobReport(Unknown Source)
	at org.apache.hadoop.mapreduce.v2.api.impl.pb.client.MRClientProtocolPBClientImpl.getJobReport(MRClientProtocolPBClientImpl.java:133)
	at sun.reflect.NativeMethodAccessorImpl.invoke0(Native Method)
	at sun.reflect.NativeMethodAccessorImpl.invoke(NativeMethodAccessorImpl.java:62)
	at sun.reflect.DelegatingMethodAccessorImpl.invoke(DelegatingMethodAccessorImpl.java:43)
	at java.lang.reflect.Method.invoke(Method.java:498)
	at org.apache.hadoop.mapred.ClientServiceDelegate.invoke(ClientServiceDelegate.java:324)
	... 25 more
Caused by: com.google.protobuf.InvalidProtocolBufferException: Protocol message end-group tag did not match expected tag.
	at com.google.protobuf.InvalidProtocolBufferException.invalidEndTag(InvalidProtocolBufferException.java:94)
	at com.google.protobuf.CodedInputStream.checkLastTagWas(CodedInputStream.java:124)
	at com.google.protobuf.AbstractParser.parsePartialFrom(AbstractParser.java:202)
	at com.google.protobuf.AbstractParser.parsePartialDelimitedFrom(AbstractParser.java:241)
	at com.google.protobuf.AbstractParser.parseDelimitedFrom(AbstractParser.java:253)
	at com.google.protobuf.AbstractParser.parseDelimitedFrom(AbstractParser.java:259)
	at com.google.protobuf.AbstractParser.parseDelimitedFrom(AbstractParser.java:49)
	at org.apache.hadoop.ipc.protobuf.RpcHeaderProtos$RpcResponseHeaderProto.parseDelimitedFrom(RpcHeaderProtos.java:3167)
	at org.apache.hadoop.ipc.Client$Connection.receiveRpcResponse(Client.java:1074)
	at org.apache.hadoop.ipc.Client$Connection.run(Client.java:968)
================================================================================
